<?xml version="1.0" encoding="UTF-8"?>
<!-- Generated by org.testng.reporters.JUnitReportReporter -->
<testsuite hostname="HYDPCM364455L" failures="0" tests="1" name="pras.NewTest" time="10.561" errors="0" timestamp="2020-10-15T15:49:17 IST" skipped="0">
  <testcase classname="pras.NewTest" name="f" time="10.561"/>
  <system-out/>
</testsuite> <!-- pras.NewTest -->
